Ошибка отправки новости в вк Кинолог призвал к ответственности при заведении собаки
Ошибка отправки новости в вк Американец освободил от пластикового контейнера медведя, переплывающего озеро
Ошибка отправки новости в вк Житель Камчатки госпитализирован после нападения медведя
Ошибка отправки новости в вк В России разрабатывают вакцину от коронавируса для животных
Ошибка отправки новости в вк Житель Камчатки госпитализирован после нападения медведя
Ошибка отправки новости в вк В России разрабатывают вакцину от коронавируса для животных
Ошибка отправки новости в вк Житель Камчатки госпитализирован после нападения медведя
Ошибка отправки новости в вк В России разрабатывают вакцину от коронавируса для животных
Ошибка отправки новости в вк Американец освободил от пластикового контейнера медведя, переплывающего озеро
Ошибка отправки новости в вк Житель Камчатки госпитализирован после нападения медведя
Ошибка отправки новости в вк Американец освободил от пластикового контейнера медведя, переплывающего озеро
Ошибка отправки новости в вк Житель Камчатки госпитализирован после нападения медведя
Ошибка отправки новости в вк Кинолог призвал к ответственности при заведении собаки
Ошибка отправки новости в вк В России разрабатывают вакцину от коронавируса для животных
Ошибка отправки новости в вк Кинолог призвал к ответственности при заведении собаки
Ошибка отправки новости в вк Американец освободил от пластикового контейнера медведя, переплывающего озеро
Ошибка отправки новости в вк Житель Камчатки госпитализирован после нападения медведя
Ошибка отправки новости в вк В России разрабатывают вакцину от коронавируса для животных
Ошибка отправки новости в вк Бублик на воле: пеликана вернули к сородичам после курса реабилитации
Ошибка отправки новости в вк В Новосибирском зоопарке родились 16 детёнышей манула
Ошибка отправки новости в вк В Колорадо выявили первый за пять лет случай чумы
Ошибка отправки новости в вк Николай Дроздов прокомментировал сообщения о появлении лис в городах Пермского края
Ошибка отправки новости в вк В районе Приморья ввели карантин из-за африканской чумы свиней
Ошибка отправки новости в вк Эксперт рассказал о работе приютов для животных в Москве
Ошибка отправки новости в вк Дело о контрабанде черепах передали в суд в Оренбургской области
Ошибка отправки новости в вк Эксперты призвали расследовать массовую гибель слонов в Ботсване
Ошибка отправки новости в вк «Нужно думать не только о себе»: школьники помогают приюту для животных на деньги от сдачи макулатуры
Ошибка отправки новости в вк «Я знаю, что такое жизнь»: львёнок Симба готовится к переезду в Африку
Ошибка отправки новости в вк Открытое горение на ферме в Свердловской области ликвидировано
Ошибка отправки новости в вк Кинолог призвал к ответственности при заведении собаки
Ошибка отправки новости в вк Американец освободил от пластикового контейнера медведя, переплывающего озеро
Ошибка отправки новости в вк Житель Камчатки госпитализирован после нападения медведя
Ошибка отправки новости в вк В России разрабатывают вакцину от коронавируса для животных
